#
# There is insufficient memory for the Java Runtime Environment to continue.
# Native memory allocation (mmap) failed to map 266338304 bytes for G1 virtual space
# Possible reasons:
#   The system is out of physical RAM or swap space
#   The process is running with CompressedOops enabled, and the Java Heap may be blocking the growth of the native heap
# Possible solutions:
#   Reduce memory load on the system
#   Increase physical memory or swap space
#   Check if swap backing store is full
#   Decrease Java heap size (-Xmx/-Xms)
#   Decrease number of Java threads
#   Decrease Java thread stack sizes (-Xss)
#   Set larger code cache with -XX:ReservedCodeCacheSize=
#   JVM is running with Zero Based Compressed Oops mode in which the Java heap is
#     placed in the first 32GB address space. The Java Heap base address is the
#     maximum limit for the native heap growth. Please use -XX:HeapBaseMinAddress
#     to set the Java Heap base and to place the Java Heap above 32GB virtual address.
# This output file may be truncated or incomplete.
#
#  Out of Memory Error (os_windows.cpp:3530), pid=3004, tid=19188
#
# JRE version:  (18.0.1.1+2) (build )
# Java VM: Java HotSpot(TM) 64-Bit Server VM (18.0.1.1+2-6, mixed mode, sharing, tiered, compressed oops, compressed class ptrs, g1 gc, windows-amd64)
# No core dump will be written. Minidumps are not enabled by default on client versions of Windows
#

---------------  S U M M A R Y ------------

Command Line: -Dfile.encoding=UTF-8 -XX:+ShowCodeDetailsInExceptionMessages com.reservation.TableReservation

Host: 11th Gen Intel(R) Core(TM) i7-1165G7 @ 2.80GHz, 8 cores, 15G,  Windows 11 , 64 bit Build 22000 (10.0.22000.708)
Time: Sat Jul  9 22:34:14 2022 India Standard Time elapsed time: 0.008745 seconds (0d 0h 0m 0s)

---------------  T H R E A D  ---------------

Current thread (0x0000016a51e0ffa0):  JavaThread "Unknown thread" [_thread_in_vm, id=19188, stack(0x0000001b50d00000,0x0000001b50e00000)]

Stack: [0x0000001b50d00000,0x0000001b50e00000]
Native frames: (J=compiled Java code, j=interpreted, Vv=VM code, C=native code)
V  [jvm.dll+0x69887a]
V  [jvm.dll+0x7f38bd]
V  [jvm.dll+0x7f51ce]
V  [jvm.dll+0x7f5883]
V  [jvm.dll+0x25ca3f]
V  [jvm.dll+0x6957c9]
V  [jvm.dll+0x68a2fa]
V  [jvm.dll+0x321efb]
V  [jvm.dll+0x3298d6]
V  [jvm.dll+0x37e47e]
V  [jvm.dll+0x37e6af]
V  [jvm.dll+0x2f9c7a]
V  [jvm.dll+0x2facdd]
V  [jvm.dll+0x7c24f0]
V  [jvm.dll+0x38b801]
V  [jvm.dll+0x7a1203]
V  [jvm.dll+0x40d6bf]
V  [jvm.dll+0x40f091]
C  [jli.dll+0x526b]
C  [ucrtbase.dll+0x26c0c]
C  [KERNEL32.DLL+0x154e0]
C  [ntdll.dll+0x485b]


---------------  P R O C E S S  ---------------

Threads class SMR info:
_java_thread_list=0x00007ffbe34dd550, length=0, elements={
}

Java Threads: ( => current thread )

Other Threads:
  0x0000016a51e81e40 WorkerThread "GC Thread#0" [stack: 0x0000001b50e00000,0x0000001b50f00000] [id=15580]
  0x0000016a51e93020 ConcurrentGCThread "G1 Main Marker" [stack: 0x0000001b50f00000,0x0000001b51000000] [id=24480]
  0x0000016a51e94920 WorkerThread "G1 Conc#0" [stack: 0x0000001b51000000,0x0000001b51100000] [id=4980]

[error occurred during error reporting (printing all threads), id 0xc0000005, EXCEPTION_ACCESS_VIOLATION (0xc0000005) at pc=0x00007ffbe2d0a217]

VM state: not at safepoint (not fully initialized)

VM Mutex/Monitor currently owned by a thread:  ([mutex/lock_event])
[0x0000016a51e0c6f0] Heap_lock - owner thread: 0x0000016a51e0ffa0

Heap address: 0x0000000703e00000, size: 4034 MB, Compressed Oops mode: Zero based, Oop shift amount: 3

CDS archive(s) mapped at: [0x0000000000000000-0x0000000000000000-0x0000000000000000), size 0, SharedBaseAddress: 0x0000000800000000, ArchiveRelocationMode: 0.
Narrow klass base: 0x0000000000000000, Narrow klass shift: 0, Narrow klass range: 0x0

GC Precious Log:
 CardTable entry size: 512
 Card Set container configuration: InlinePtr #cards 4 size 8 Array Of Cards #cards 16 size 48 Howl #buckets 8 coarsen threshold 3686 Howl Bitmap #cards 512 size 80 coarsen threshold 460 Card regions per heap region 1 cards per card region 4096

Heap:
 garbage-first heap   total 0K, used 0K [0x0000000703e00000, 0x0000000800000000)
  region size 2048K, 0 young (0K), 0 survivors (0K)

[error occurred during error reporting (printing heap information), id 0xc0000005, EXCEPTION_ACCESS_VIOLATION (0xc0000005) at pc=0x00007ffbe30f0cb9]

GC Heap History (0 events):
No events

Deoptimization events (0 events):
No events

Classes loaded (0 events):
No events

Classes unloaded (0 events):
No events

Classes redefined (0 events):
No events

Internal exceptions (0 events):
No events

VM Operations (0 events):
No events

Events (1 events):
Event: 0.005 Loaded shared library C:\Program Files\Java\jdk-18.0.1.1\bin\java.dll


Dynamic libraries:
0x00007ff6b7f40000 - 0x00007ff6b7f50000 	C:\Program Files\Java\jdk-18.0.1.1\bin\javaw.exe
0x00007ffc384e0000 - 0x00007ffc386e9000 	C:\WINDOWS\SYSTEM32\ntdll.dll
0x00007ffc37770000 - 0x00007ffc3782d000 	C:\WINDOWS\System32\KERNEL32.DLL
0x00007ffc35ae0000 - 0x00007ffc35e59000 	C:\WINDOWS\System32\KERNELBASE.dll
0x00007ffc35ee0000 - 0x00007ffc35ff1000 	C:\WINDOWS\System32\ucrtbase.dll
0x00007ffc29030000 - 0x00007ffc29048000 	C:\Program Files\Java\jdk-18.0.1.1\bin\jli.dll
0x00007ffc25910000 - 0x00007ffc2592a000 	C:\Program Files\Java\jdk-18.0.1.1\bin\VCRUNTIME140.dll
0x00007ffc36af0000 - 0x00007ffc36b9e000 	C:\WINDOWS\System32\ADVAPI32.dll
0x00007ffc375a0000 - 0x00007ffc37643000 	C:\WINDOWS\System32\msvcrt.dll
0x00007ffc37f30000 - 0x00007ffc37fce000 	C:\WINDOWS\System32\sechost.dll
0x00007ffc38300000 - 0x00007ffc38420000 	C:\WINDOWS\System32\RPCRT4.dll
0x00007ffc36370000 - 0x00007ffc3651c000 	C:\WINDOWS\System32\USER32.dll
0x00007ffc361e0000 - 0x00007ffc36206000 	C:\WINDOWS\System32\win32u.dll
0x00007ffc380d0000 - 0x00007ffc380f9000 	C:\WINDOWS\System32\GDI32.dll
0x00007ffc359c0000 - 0x00007ffc35ad2000 	C:\WINDOWS\System32\gdi32full.dll
0x00007ffc362d0000 - 0x00007ffc3636d000 	C:\WINDOWS\System32\msvcp_win.dll
0x00007ffc0e820000 - 0x00007ffc0eac5000 	C:\WINDOWS\WinSxS\amd64_microsoft.windows.common-controls_6595b64144ccf1df_6.0.22000.120_none_9d947278b86cc467\COMCTL32.dll
0x00007ffc2cbd0000 - 0x00007ffc2cbda000 	C:\WINDOWS\SYSTEM32\VERSION.dll
0x00007ffc38100000 - 0x00007ffc38131000 	C:\WINDOWS\System32\IMM32.DLL
0x00007ffc2f6c0000 - 0x00007ffc2f6cc000 	C:\Program Files\Java\jdk-18.0.1.1\bin\vcruntime140_1.dll
0x00007ffc1a900000 - 0x00007ffc1a98d000 	C:\Program Files\Java\jdk-18.0.1.1\bin\msvcp140.dll
0x00007ffbe2a00000 - 0x00007ffbe3610000 	C:\Program Files\Java\jdk-18.0.1.1\bin\server\jvm.dll
0x00007ffc380c0000 - 0x00007ffc380c8000 	C:\WINDOWS\System32\PSAPI.DLL
0x00007ffc2f000000 - 0x00007ffc2f009000 	C:\WINDOWS\SYSTEM32\WSOCK32.dll
0x00007ffc36520000 - 0x00007ffc3658f000 	C:\WINDOWS\System32\WS2_32.dll
0x00007ffc2e260000 - 0x00007ffc2e293000 	C:\WINDOWS\SYSTEM32\WINMM.dll
0x00007ffc34bb0000 - 0x00007ffc34bc8000 	C:\WINDOWS\SYSTEM32\kernel.appcore.dll
0x00007ffc2ed80000 - 0x00007ffc2ed8a000 	C:\Program Files\Java\jdk-18.0.1.1\bin\jimage.dll
0x00007ffc33580000 - 0x00007ffc337a1000 	C:\WINDOWS\SYSTEM32\DBGHELP.DLL
0x00007ffc22180000 - 0x00007ffc221b1000 	C:\WINDOWS\SYSTEM32\dbgcore.DLL
0x00007ffc35e60000 - 0x00007ffc35edf000 	C:\WINDOWS\System32\bcryptPrimitives.dll
0x00007ffc254e0000 - 0x00007ffc25505000 	C:\Program Files\Java\jdk-18.0.1.1\bin\java.dll

dbghelp: loaded successfully - version: 4.0.5 - missing functions: none
symbol engine: initialized successfully - sym options: 0x614 - pdb path: .;C:\Program Files\Java\jdk-18.0.1.1\bin;C:\WINDOWS\SYSTEM32;C:\WINDOWS\WinSxS\amd64_microsoft.windows.common-controls_6595b64144ccf1df_6.0.22000.120_none_9d947278b86cc467;C:\Program Files\Java\jdk-18.0.1.1\bin\server

VM Arguments:
jvm_args: -Dfile.encoding=UTF-8 -XX:+ShowCodeDetailsInExceptionMessages 
java_command: com.reservation.TableReservation
java_class_path (initial): C:\Users\Amaresh\eclipse-workspace\Reservation\bin
Launcher Type: SUN_STANDARD

[Global flags]
     intx CICompilerCount                          = 4                                         {product} {ergonomic}
     uint ConcGCThreads                            = 2                                         {product} {ergonomic}
     uint G1ConcRefinementThreads                  = 8                                         {product} {ergonomic}
   size_t G1HeapRegionSize                         = 2097152                                   {product} {ergonomic}
    uintx GCDrainStackTargetSize                   = 64                                        {product} {ergonomic}
   size_t InitialHeapSize                          = 266338304                                 {product} {ergonomic}
   size_t MarkStackSize                            = 4194304                                   {product} {ergonomic}
   size_t MaxHeapSize                              = 4229955584                                {product} {ergonomic}
   size_t MinHeapDeltaBytes                        = 2097152                                   {product} {ergonomic}
   size_t MinHeapSize                              = 8388608                                   {product} {ergonomic}
    uintx NonNMethodCodeHeapSize                   = 5839372                                {pd product} {ergonomic}
    uintx NonProfiledCodeHeapSize                  = 122909434                              {pd product} {ergonomic}
    uintx ProfiledCodeHeapSize                     = 122909434                              {pd product} {ergonomic}
    uintx ReservedCodeCacheSize                    = 251658240                              {pd product} {ergonomic}
     bool SegmentedCodeCache                       = true                                      {product} {ergonomic}
     bool ShowCodeDetailsInExceptionMessages       = true                                   {manageable} {command line}
   size_t SoftMaxHeapSize                          = 4229955584                             {manageable} {ergonomic}
     bool UseCompressedClassPointers               = true                           {product lp64_product} {ergonomic}
     bool UseCompressedOops                        = true                           {product lp64_product} {ergonomic}
     bool UseG1GC                                  = true                                      {product} {ergonomic}
     bool UseLargePagesIndividualAllocation        = false                                  {pd product} {ergonomic}

Logging:
Log output configuration:
 #0: stdout all=warning uptime,level,tags foldmultilines=false
 #1: stderr all=off uptime,level,tags foldmultilines=false

Environment Variables:
JAVA_HOME=C:\Program Files\Java\jdk-11.0.9
PATH=C:\Program Files\Common Files\Oracle\Java\javapath;C:\WINDOWS\system32;C:\WINDOWS;C:\WINDOWS\System32\Wbem;C:\WINDOWS\System32\WindowsPowerShell\v1.0\;C:\WINDOWS\System32\OpenSSH\;C:\Program Files\Java\jdk-11.0.9\bin;C:\Users\Lakshmeesh Achar\Downloads\apache-maven-3.3.9\bin;D:\LOAD_TEST_TASKS\curl\bin;C:\Program Files\BackupClient\CommandLineTool\;C:\Program Files (x86)\Common Files\Acronis\FileProtector\;C:\Program Files (x86)\Common Files\Acronis\FileProtector64\;C:\Program Files\BackupClient\PyShell\bin\;C:\Program Files (x86)\Common Files\Acronis\SnapAPI\;C:\Users\Amaresh\AppData\Local\Microsoft\WindowsApps;
USERNAME=Amaresh
OS=Windows_NT
PROCESSOR_IDENTIFIER=Intel64 Family 6 Model 140 Stepping 1, GenuineIntel



---------------  S Y S T E M  ---------------

OS:
 Windows 11 , 64 bit Build 22000 (10.0.22000.708)
OS uptime: 3 days 7:57 hours

CPU: total 8 (initial active 8) (4 cores per cpu, 2 threads per core) family 6 model 140 stepping 1 microcode 0x9a, cx8, cmov, fxsr, ht, mmx, 3dnowpref, sse, sse2, sse3, ssse3, sse4.1, sse4.2, popcnt, lzcnt, tsc, tscinvbit, avx, avx2, aes, erms, clmul, bmi1, bmi2, adx, avx512f, avx512dq, avx512cd, avx512bw, avx512vl, sha, fma, vzeroupper, avx512_vpopcntdq, avx512_vpclmulqdq, avx512_vaes, avx512_vnni, clflush, clflushopt, clwb, avx512_vbmi2, avx512_vbmi

Memory: 4k page, system-wide physical 16133M (8638M free)
TotalPageFile size 34856M (AvailPageFile size 81M)
current process WorkingSet (physical memory assigned to process): 10M, peak: 10M
current process commit charge ("private bytes"): 60M, peak: 314M

vm_info: Java HotSpot(TM) 64-Bit Server VM (18.0.1.1+2-6) for windows-amd64 JRE (18.0.1.1+2-6), built on Apr 25 2022 21:53:15 by "mach5one" with MS VC++ 16.8 / 16.9 (VS2019)

END.
